[2023-6-10 12:14:17] [INFO] Booting the 'HTTP' middleware...
[2023-6-10 12:14:17] [INFO] Routes :: Mounting API Routes...
[2023-6-10 12:14:17] [INFO] Server :: Cluster with ProcessID '54138' has responded after it was forked! 
[2023-6-10 12:14:17] [INFO] Server :: Cluster with ProcessID '54139' has responded after it was forked! 
[2023-6-10 12:14:17] [INFO] Server :: Cluster with ProcessID '54140' has responded after it was forked! 
[2023-6-10 12:14:17] [INFO] Server :: Cluster with ProcessID '54146' has responded after it was forked! 
[2023-6-10 12:14:17] [INFO] Server :: Cluster with ProcessID '54158' has responded after it was forked! 
[2023-6-10 12:14:17] [INFO] Server :: Cluster with ProcessID '54152' has responded after it was forked! 
[2023-6-10 12:14:17] [INFO] Server :: Cluster with ProcessID '54171' has responded after it was forked! 
[2023-6-10 12:14:17] [INFO] Server :: Cluster with ProcessID '54164' has responded after it was forked! 
[2023-6-10 12:14:17] [INFO] Server :: Cluster with ProcessID '54178' has responded after it was forked! 
[2023-6-10 12:14:17] [INFO] Server :: Cluster with ProcessID '54192' has responded after it was forked! 
[2023-6-10 12:14:17] [INFO] Server :: Cluster with ProcessID '54186' has responded after it was forked! 
[2023-6-10 12:14:17] [INFO] Server :: Cluster with ProcessID '54199' has responded after it was forked! 
[2023-6-10 12:14:17] [INFO] Booting the 'HTTP' middleware...
[2023-6-10 12:14:17] [INFO] Routes :: Mounting API Routes...
[2023-6-10 12:14:17] [INFO] Server :: Booting @ Master...
[2023-6-10 12:14:17] [INFO] Server :: Cluster with ProcessID '54138' Connected!
[2023-6-10 12:14:17] [INFO] Booting the 'HTTP' middleware...
[2023-6-10 12:14:17] [INFO] Routes :: Mounting API Routes...
[2023-6-10 12:14:17] [INFO] Server :: Booting @ Master...
[2023-6-10 12:14:17] [INFO] Booting the 'HTTP' middleware...
[2023-6-10 12:14:17] [INFO] Routes :: Mounting API Routes...
[2023-6-10 12:14:17] [INFO] Server :: Booting @ Master...
[2023-6-10 12:14:17] [INFO] Server :: Cluster with ProcessID '54146' Connected!
[2023-6-10 12:14:17] [INFO] Server :: Cluster with ProcessID '54139' Connected!
[2023-6-10 12:14:17] [INFO] Booting the 'HTTP' middleware...
[2023-6-10 12:14:17] [INFO] Routes :: Mounting API Routes...
[2023-6-10 12:14:17] [INFO] Booting the 'HTTP' middleware...
[2023-6-10 12:14:17] [INFO] Routes :: Mounting API Routes...
[2023-6-10 12:14:17] [INFO] Server :: Booting @ Master...
[2023-6-10 12:14:17] [INFO] Booting the 'HTTP' middleware...
[2023-6-10 12:14:17] [INFO] Routes :: Mounting API Routes...
[2023-6-10 12:14:17] [INFO] Server :: Booting @ Master...
[2023-6-10 12:14:17] [INFO] Server :: Booting @ Master...
[2023-6-10 12:14:17] [INFO] Server :: Cluster with ProcessID '54171' Connected!
[2023-6-10 12:14:17] [INFO] Server :: Cluster with ProcessID '54152' Connected!
[2023-6-10 12:14:17] [INFO] Server :: Cluster with ProcessID '54164' Connected!
[2023-6-10 12:14:17] [INFO] Booting the 'HTTP' middleware...
[2023-6-10 12:14:17] [INFO] Routes :: Mounting API Routes...
[2023-6-10 12:14:17] [INFO] Server :: Booting @ Master...
[2023-6-10 12:14:17] [INFO] Booting the 'HTTP' middleware...
[2023-6-10 12:14:17] [INFO] Routes :: Mounting API Routes...
[2023-6-10 12:14:17] [INFO] Server :: Booting @ Master...
[2023-6-10 12:14:17] [INFO] Booting the 'HTTP' middleware...
[2023-6-10 12:14:17] [INFO] Routes :: Mounting API Routes...
[2023-6-10 12:14:17] [INFO] Server :: Booting @ Master...
[2023-6-10 12:14:17] [INFO] Server :: Cluster with ProcessID '54158' Connected!
[2023-6-10 12:14:17] [INFO] Booting the 'HTTP' middleware...
[2023-6-10 12:14:17] [INFO] Routes :: Mounting API Routes...
[2023-6-10 12:14:17] [INFO] Booting the 'HTTP' middleware...
[2023-6-10 12:14:17] [INFO] Server :: Cluster with ProcessID '54192' Connected!
[2023-6-10 12:14:17] [INFO] Server :: Cluster with ProcessID '54186' Connected!
[2023-6-10 12:14:17] [INFO] Server :: Cluster with ProcessID '54140' Connected!
[2023-6-10 12:14:17] [INFO] Server :: Booting @ Master...
[2023-6-10 12:14:17] [INFO] Routes :: Mounting API Routes...
[2023-6-10 12:14:17] [INFO] Server :: Booting @ Master...
[2023-6-10 12:14:17] [INFO] Server :: Cluster with ProcessID '54178' Connected!
[2023-6-10 12:14:17] [INFO] Booting the 'HTTP' middleware...
[2023-6-10 12:14:17] [INFO] Routes :: Mounting API Routes...
[2023-6-10 12:14:17] [INFO] Server :: Booting @ Master...
[2023-6-10 12:14:17] [INFO] Server :: Cluster with ProcessID '54199' Connected!
[2023-6-10 12:14:17] [INFO] Worker :: Booting @ Master...
[2023-6-10 12:14:17] [INFO] request [object Object]
[2023-6-10 12:14:17] [INFO] sayBasic: nice work buddy
[2023-6-10 12:14:17] [INFO] got resolved [object Object]
[2023-6-10 12:17:26] [INFO] Booting the 'HTTP' middleware...
[2023-6-10 12:17:26] [INFO] Routes :: Mounting API Routes...
[2023-6-10 12:17:26] [INFO] Server :: Cluster with ProcessID '54973' has responded after it was forked! 
[2023-6-10 12:17:26] [INFO] Server :: Cluster with ProcessID '54974' has responded after it was forked! 
[2023-6-10 12:17:26] [INFO] Server :: Cluster with ProcessID '54975' has responded after it was forked! 
[2023-6-10 12:17:26] [INFO] Server :: Cluster with ProcessID '54981' has responded after it was forked! 
[2023-6-10 12:17:26] [INFO] Server :: Cluster with ProcessID '54987' has responded after it was forked! 
[2023-6-10 12:17:26] [INFO] Server :: Cluster with ProcessID '55004' has responded after it was forked! 
[2023-6-10 12:17:26] [INFO] Server :: Cluster with ProcessID '54993' has responded after it was forked! 
[2023-6-10 12:17:26] [INFO] Server :: Cluster with ProcessID '55022' has responded after it was forked! 
[2023-6-10 12:17:26] [INFO] Server :: Cluster with ProcessID '55014' has responded after it was forked! 
[2023-6-10 12:17:26] [INFO] Server :: Cluster with ProcessID '55008' has responded after it was forked! 
[2023-6-10 12:17:26] [INFO] Server :: Cluster with ProcessID '55035' has responded after it was forked! 
[2023-6-10 12:17:26] [INFO] Server :: Cluster with ProcessID '55028' has responded after it was forked! 
[2023-6-10 12:17:26] [INFO] Booting the 'HTTP' middleware...
[2023-6-10 12:17:26] [INFO] Routes :: Mounting API Routes...
[2023-6-10 12:17:26] [INFO] Booting the 'HTTP' middleware...
[2023-6-10 12:17:26] [INFO] Routes :: Mounting API Routes...
[2023-6-10 12:17:26] [INFO] Server :: Booting @ Master...
[2023-6-10 12:17:26] [INFO] Booting the 'HTTP' middleware...
[2023-6-10 12:17:26] [INFO] Server :: Booting @ Master...
[2023-6-10 12:17:26] [INFO] Server :: Cluster with ProcessID '54975' Connected!
[2023-6-10 12:17:26] [INFO] Booting the 'HTTP' middleware...
[2023-6-10 12:17:26] [INFO] Routes :: Mounting API Routes...
[2023-6-10 12:17:26] [INFO] Server :: Booting @ Master...
[2023-6-10 12:17:26] [INFO] Routes :: Mounting API Routes...
[2023-6-10 12:17:26] [INFO] Server :: Booting @ Master...
[2023-6-10 12:17:26] [INFO] Server :: Cluster with ProcessID '54973' Connected!
[2023-6-10 12:17:26] [INFO] Server :: Cluster with ProcessID '54974' Connected!
[2023-6-10 12:17:26] [INFO] Booting the 'HTTP' middleware...
[2023-6-10 12:17:26] [INFO] Routes :: Mounting API Routes...
[2023-6-10 12:17:26] [INFO] Booting the 'HTTP' middleware...
[2023-6-10 12:17:26] [INFO] Routes :: Mounting API Routes...
[2023-6-10 12:17:26] [INFO] Server :: Booting @ Master...
[2023-6-10 12:17:26] [INFO] Server :: Booting @ Master...
[2023-6-10 12:17:26] [INFO] Booting the 'HTTP' middleware...
[2023-6-10 12:17:26] [INFO] Routes :: Mounting API Routes...
[2023-6-10 12:17:26] [INFO] Server :: Booting @ Master...
[2023-6-10 12:17:26] [INFO] Server :: Cluster with ProcessID '54987' Connected!
[2023-6-10 12:17:26] [INFO] Booting the 'HTTP' middleware...
[2023-6-10 12:17:26] [INFO] Server :: Cluster with ProcessID '54993' Connected!
[2023-6-10 12:17:26] [INFO] Routes :: Mounting API Routes...
[2023-6-10 12:17:26] [INFO] Server :: Cluster with ProcessID '54981' Connected!
[2023-6-10 12:17:26] [INFO] Server :: Booting @ Master...
[2023-6-10 12:17:26] [INFO] Booting the 'HTTP' middleware...
[2023-6-10 12:17:26] [INFO] Routes :: Mounting API Routes...
[2023-6-10 12:17:26] [INFO] Booting the 'HTTP' middleware...
[2023-6-10 12:17:26] [INFO] Routes :: Mounting API Routes...
[2023-6-10 12:17:26] [INFO] Server :: Booting @ Master...
[2023-6-10 12:17:26] [INFO] Server :: Booting @ Master...
[2023-6-10 12:17:26] [INFO] Server :: Cluster with ProcessID '55008' Connected!
[2023-6-10 12:17:26] [INFO] Server :: Cluster with ProcessID '55014' Connected!
[2023-6-10 12:17:26] [INFO] Server :: Cluster with ProcessID '55028' Connected!
[2023-6-10 12:17:26] [INFO] Booting the 'HTTP' middleware...
[2023-6-10 12:17:26] [INFO] Routes :: Mounting API Routes...
[2023-6-10 12:17:26] [INFO] Server :: Booting @ Master...
[2023-6-10 12:17:26] [INFO] Server :: Cluster with ProcessID '55035' Connected!
[2023-6-10 12:17:26] [INFO] Server :: Cluster with ProcessID '55004' Connected!
[2023-6-10 12:17:26] [INFO] Booting the 'HTTP' middleware...
[2023-6-10 12:17:26] [INFO] Routes :: Mounting API Routes...
[2023-6-10 12:17:26] [INFO] Server :: Booting @ Master...
[2023-6-10 12:17:26] [INFO] Server :: Cluster with ProcessID '55022' Connected!
[2023-6-10 12:17:26] [INFO] request [object Object]
[2023-6-10 12:17:26] [INFO] sayBasic: nice work buddy
[2023-6-10 12:17:26] [INFO] got resolved [object Object]
[2023-6-10 12:17:26] [INFO] Worker :: Booting @ Master...
[2023-6-10 12:17:26] [INFO] request [object Object]
[2023-6-10 12:17:26] [INFO] sayBasic: nice work buddy
[2023-6-10 12:17:26] [INFO] got resolved [object Object]
[2023-6-10 12:17:26] [INFO] request [object Object]
[2023-6-10 12:17:26] [INFO] sayBasic: nice work buddy
[2023-6-10 12:17:26] [INFO] got resolved [object Object]
[2023-6-10 12:17:26] [INFO] request [object Object]
[2023-6-10 12:17:26] [INFO] sayBasic: nice work buddy
[2023-6-10 12:17:26] [INFO] got resolved [object Object]
[2023-6-10 12:17:26] [INFO] request [object Object]
[2023-6-10 12:17:26] [INFO] sayBasic: nice work buddy
[2023-6-10 12:17:26] [INFO] got resolved [object Object]
[2023-6-10 12:53:23] [INFO] Booting the 'HTTP' middleware...
[2023-6-10 12:53:23] [INFO] Routes :: Mounting API Routes...
[2023-6-10 12:53:23] [INFO] Server :: Cluster with ProcessID '67082' has responded after it was forked! 
[2023-6-10 12:53:23] [INFO] Server :: Cluster with ProcessID '67083' has responded after it was forked! 
[2023-6-10 12:53:23] [INFO] Server :: Cluster with ProcessID '67084' has responded after it was forked! 
[2023-6-10 12:53:23] [INFO] Server :: Cluster with ProcessID '67090' has responded after it was forked! 
[2023-6-10 12:53:23] [INFO] Server :: Cluster with ProcessID '67096' has responded after it was forked! 
[2023-6-10 12:53:23] [INFO] Server :: Cluster with ProcessID '67102' has responded after it was forked! 
[2023-6-10 12:53:23] [INFO] Server :: Cluster with ProcessID '67108' has responded after it was forked! 
[2023-6-10 12:53:23] [INFO] Server :: Cluster with ProcessID '67115' has responded after it was forked! 
[2023-6-10 12:53:23] [INFO] Server :: Cluster with ProcessID '67122' has responded after it was forked! 
[2023-6-10 12:53:23] [INFO] Server :: Cluster with ProcessID '67137' has responded after it was forked! 
[2023-6-10 12:53:23] [INFO] Server :: Cluster with ProcessID '67128' has responded after it was forked! 
[2023-6-10 12:53:23] [INFO] Server :: Cluster with ProcessID '67143' has responded after it was forked! 
[2023-6-10 12:53:23] [INFO] Booting the 'HTTP' middleware...
[2023-6-10 12:53:23] [INFO] Routes :: Mounting API Routes...
[2023-6-10 12:53:23] [INFO] Server :: Booting @ Master...
[2023-6-10 12:53:23] [INFO] Booting the 'HTTP' middleware...
[2023-6-10 12:53:23] [INFO] Routes :: Mounting API Routes...
[2023-6-10 12:53:23] [INFO] Server :: Booting @ Master...
[2023-6-10 12:53:23] [INFO] Booting the 'HTTP' middleware...
[2023-6-10 12:53:23] [INFO] Routes :: Mounting API Routes...
[2023-6-10 12:53:23] [INFO] Booting the 'HTTP' middleware...
[2023-6-10 12:53:23] [INFO] Routes :: Mounting API Routes...
[2023-6-10 12:53:23] [INFO] Server :: Cluster with ProcessID '67082' Connected!
[2023-6-10 12:53:23] [INFO] Booting the 'HTTP' middleware...
[2023-6-10 12:53:23] [INFO] Routes :: Mounting API Routes...
[2023-6-10 12:53:23] [INFO] Server :: Booting @ Master...
[2023-6-10 12:53:23] [INFO] Server :: Cluster with ProcessID '67096' Connected!
[2023-6-10 12:53:23] [INFO] Booting the 'HTTP' middleware...
[2023-6-10 12:53:23] [INFO] Routes :: Mounting API Routes...
[2023-6-10 12:53:23] [INFO] Server :: Booting @ Master...
[2023-6-10 12:53:23] [INFO] Server :: Cluster with ProcessID '67108' Connected!
[2023-6-10 12:53:23] [INFO] Server :: Booting @ Master...
[2023-6-10 12:53:23] [INFO] Booting the 'HTTP' middleware...
[2023-6-10 12:53:23] [INFO] Routes :: Mounting API Routes...
[2023-6-10 12:53:23] [INFO] Server :: Booting @ Master...
[2023-6-10 12:53:23] [INFO] Booting the 'HTTP' middleware...
[2023-6-10 12:53:23] [INFO] Server :: Booting @ Master...
[2023-6-10 12:53:23] [INFO] Routes :: Mounting API Routes...
[2023-6-10 12:53:23] [INFO] Routes :: Mounting API Routes...
[2023-6-10 12:53:23] [INFO] Server :: Booting @ Master...
[2023-6-10 12:53:23] [INFO] Booting the 'HTTP' middleware...
[2023-6-10 12:53:23] [INFO] Server :: Cluster with ProcessID '67084' Connected!
[2023-6-10 12:53:23] [INFO] Server :: Cluster with ProcessID '67083' Connected!
[2023-6-10 12:53:23] [INFO] Booting the 'HTTP' middleware...
[2023-6-10 12:53:23] [INFO] Server :: Cluster with ProcessID '67102' Connected!
[2023-6-10 12:53:23] [INFO] Booting the 'HTTP' middleware...
[2023-6-10 12:53:23] [INFO] Routes :: Mounting API Routes...
[2023-6-10 12:53:23] [INFO] Server :: Booting @ Master...
[2023-6-10 12:53:23] [INFO] Server :: Booting @ Master...
[2023-6-10 12:53:23] [INFO] Server :: Cluster with ProcessID '67090' Connected!
[2023-6-10 12:53:23] [INFO] Server :: Cluster with ProcessID '67115' Connected!
[2023-6-10 12:53:23] [INFO] Server :: Cluster with ProcessID '67137' Connected!
[2023-6-10 12:53:23] [INFO] Routes :: Mounting API Routes...
[2023-6-10 12:53:23] [INFO] Server :: Booting @ Master...
[2023-6-10 12:53:23] [INFO] Server :: Cluster with ProcessID '67128' Connected!
[2023-6-10 12:53:23] [INFO] Server :: Cluster with ProcessID '67122' Connected!
[2023-6-10 12:53:23] [INFO] Booting the 'HTTP' middleware...
[2023-6-10 12:53:23] [INFO] Routes :: Mounting API Routes...
[2023-6-10 12:53:23] [INFO] Server :: Booting @ Master...
[2023-6-10 12:53:23] [INFO] Server :: Cluster with ProcessID '67143' Connected!
[2023-6-10 12:53:23] [INFO] request [object Object]
[2023-6-10 12:53:23] [INFO] sayBasic: nice work buddy
[2023-6-10 12:53:23] [INFO] got resolved [object Object]
[2023-6-10 12:53:23] [INFO] Worker :: Booting @ Master...
